[2019-07-28T10:15:56.047] [DEBUG] cheese - login => username:admin,password:123456
[2019-07-28T10:15:56.051] [DEBUG] cheese - admin
[2019-07-28T10:15:56.059] [DEBUG] cheese - null
[2019-07-28T10:15:56.059] [DEBUG] cheese - null
[2019-07-28T13:52:06.226] [DEBUG] cheese - login => username:admin,password:123456
[2019-07-28T13:52:06.227] [DEBUG] cheese - admin
[2019-07-28T13:52:06.235] [DEBUG] cheese - null
[2019-07-28T13:52:06.235] [DEBUG] cheese - null
[2019-07-28T19:59:00.323] [DEBUG] cheese - login => username:admin,password:123456
[2019-07-28T19:59:00.324] [DEBUG] cheese - admin
[2019-07-28T19:59:00.375] [DEBUG] cheese - null
[2019-07-28T19:59:00.375] [DEBUG] cheese - null
[2019-07-28T19:59:16.388] [DEBUG] cheese - login => username:admin,password:123456
[2019-07-28T19:59:16.388] [DEBUG] cheese - admin
[2019-07-28T19:59:16.390] [DEBUG] cheese - null
[2019-07-28T19:59:16.390] [DEBUG] cheese - null
[2019-07-28T20:02:47.446] [DEBUG] cheese - login => username:admin,password:123456
[2019-07-28T20:02:47.446] [DEBUG] cheese - admin
[2019-07-28T20:02:47.447] [DEBUG] cheese - null
[2019-07-28T20:02:47.447] [DEBUG] cheese - null
[2019-07-28T20:03:02.478] [DEBUG] cheese - login => username:admin,password:123456
[2019-07-28T20:03:02.478] [DEBUG] cheese - admin
[2019-07-28T20:03:02.480] [DEBUG] cheese - null
[2019-07-28T20:03:02.480] [DEBUG] cheese - null
[2019-07-28T20:05:57.445] [DEBUG] cheese - login => username:admin,password:123456
[2019-07-28T20:05:57.445] [DEBUG] cheese - admin
[2019-07-28T20:05:57.447] [DEBUG] cheese - null
[2019-07-28T20:05:57.448] [DEBUG] cheese - null
[2019-07-28T20:09:26.687] [DEBUG] cheese - login => username:admin,password:123456
[2019-07-28T20:09:26.687] [DEBUG] cheese - admin
[2019-07-28T20:09:26.689] [DEBUG] cheese - null
[2019-07-28T20:09:26.689] [DEBUG] cheese - null
[2019-07-28T20:10:28.521] [DEBUG] cheese - login => username:admin,password:123456
[2019-07-28T20:10:28.521] [DEBUG] cheese - admin
[2019-07-28T20:10:28.524] [DEBUG] cheese - null
[2019-07-28T20:10:28.524] [DEBUG] cheese - null
[2019-07-28T20:13:54.856] [DEBUG] cheese - login => username:admin,password:123456
[2019-07-28T20:13:54.857] [DEBUG] cheese - admin
[2019-07-28T20:13:54.858] [DEBUG] cheese - null
[2019-07-28T20:13:54.858] [DEBUG] cheese - null
[2019-07-28T20:14:32.034] [DEBUG] cheese - login => username:admin,password:123456
[2019-07-28T20:14:32.034] [DEBUG] cheese - admin
[2019-07-28T20:14:32.036] [DEBUG] cheese - null
[2019-07-28T20:14:32.036] [DEBUG] cheese - null
[2019-07-28T20:14:33.986] [DEBUG] cheese - login => username:admin,password:123456
[2019-07-28T20:14:33.986] [DEBUG] cheese - admin
[2019-07-28T20:14:33.988] [DEBUG] cheese - null
[2019-07-28T20:14:33.988] [DEBUG] cheese - null
[2019-07-28T20:14:34.185] [DEBUG] cheese - login => username:admin,password:123456
[2019-07-28T20:14:34.185] [DEBUG] cheese - admin
[2019-07-28T20:14:34.187] [DEBUG] cheese - null
[2019-07-28T20:14:34.187] [DEBUG] cheese - null
[2019-07-28T20:14:34.369] [DEBUG] cheese - login => username:admin,password:123456
[2019-07-28T20:14:34.369] [DEBUG] cheese - admin
[2019-07-28T20:14:34.370] [DEBUG] cheese - null
[2019-07-28T20:14:34.371] [DEBUG] cheese - null
[2019-07-28T20:15:03.402] [DEBUG] cheese - login => username:admin,password:123456
[2019-07-28T20:15:03.402] [DEBUG] cheese - admin
[2019-07-28T20:15:03.404] [DEBUG] cheese - null
[2019-07-28T20:15:03.404] [DEBUG] cheese - null
[2019-07-28T20:16:18.609] [DEBUG] cheese - login => username:admin,password:123456
[2019-07-28T20:16:18.609] [DEBUG] cheese - admin
[2019-07-28T20:16:18.610] [DEBUG] cheese - null
[2019-07-28T20:16:18.610] [DEBUG] cheese - null
[2019-07-28T20:17:32.150] [DEBUG] cheese - login => username:admi,password:123456
[2019-07-28T20:17:32.150] [DEBUG] cheese - admi
[2019-07-28T20:17:32.152] [DEBUG] cheese - null
[2019-07-28T20:17:32.152] [DEBUG] cheese - null
[2019-07-28T20:18:01.234] [DEBUG] cheese - login => username:admi,password:123456
[2019-07-28T20:18:01.234] [DEBUG] cheese - admi
[2019-07-28T20:18:01.235] [DEBUG] cheese - null
[2019-07-28T20:18:01.235] [DEBUG] cheese - null
[2019-07-28T20:18:55.058] [DEBUG] cheese - login => username:admin,password:123456
[2019-07-28T20:18:55.058] [DEBUG] cheese - admin
[2019-07-28T20:18:55.061] [DEBUG] cheese - null
[2019-07-28T20:18:55.061] [DEBUG] cheese - null
[2019-07-28T20:18:57.761] [DEBUG] cheese - login => username:admi,password:123456
[2019-07-28T20:18:57.761] [DEBUG] cheese - admi
[2019-07-28T20:18:57.764] [DEBUG] cheese - null
[2019-07-28T20:18:57.764] [DEBUG] cheese - null
[2019-07-28T20:19:44.630] [DEBUG] cheese - login => username:admin,password:123456
[2019-07-28T20:19:44.630] [DEBUG] cheese - admin
[2019-07-28T20:19:44.631] [DEBUG] cheese - null
[2019-07-28T20:19:44.631] [DEBUG] cheese - null
[2019-07-28T20:20:20.271] [DEBUG] cheese - login => username:admin,password:123456
[2019-07-28T20:20:20.271] [DEBUG] cheese - admin
[2019-07-28T20:20:20.273] [DEBUG] cheese - null
[2019-07-28T20:20:20.273] [DEBUG] cheese - null
[2019-07-28T20:25:34.296] [DEBUG] cheese - login => username:admin,password:123456
[2019-07-28T20:25:34.297] [DEBUG] cheese - admin
[2019-07-28T20:25:34.299] [DEBUG] cheese - null
[2019-07-28T20:25:34.299] [DEBUG] cheese - null
[2019-07-28T20:27:56.528] [DEBUG] cheese - login => username:admin,password:123456
[2019-07-28T20:27:56.528] [DEBUG] cheese - admin
[2019-07-28T20:27:56.530] [DEBUG] cheese - null
[2019-07-28T20:27:56.530] [DEBUG] cheese - null
[2019-07-28T20:30:59.729] [DEBUG] cheese - login => username:admin,password:123456
[2019-07-28T20:30:59.729] [DEBUG] cheese - admin
[2019-07-28T20:30:59.732] [DEBUG] cheese - null
[2019-07-28T20:30:59.732] [DEBUG] cheese - null
[2019-07-28T20:31:28.959] [DEBUG] cheese - login => username:admin,password:123456
[2019-07-28T20:31:28.959] [DEBUG] cheese - admin
[2019-07-28T20:31:28.960] [DEBUG] cheese - null
[2019-07-28T20:31:28.960] [DEBUG] cheese - null
[2019-07-28T20:31:54.017] [DEBUG] cheese - login => username:admin,password:123456
[2019-07-28T20:31:54.018] [DEBUG] cheese - admin
[2019-07-28T20:31:54.020] [DEBUG] cheese - null
[2019-07-28T20:31:54.020] [DEBUG] cheese - null
[2019-07-28T20:31:55.403] [DEBUG] cheese - login => username:admin,password:123456
[2019-07-28T20:31:55.403] [DEBUG] cheese - admin
[2019-07-28T20:31:55.404] [DEBUG] cheese - null
[2019-07-28T20:31:55.404] [DEBUG] cheese - null
[2019-07-28T20:32:11.897] [DEBUG] cheese - login => username:admin,password:123456
[2019-07-28T20:32:11.897] [DEBUG] cheese - admin
[2019-07-28T20:32:11.899] [DEBUG] cheese - null
[2019-07-28T20:32:11.899] [DEBUG] cheese - null
[2019-07-28T20:32:35.964] [DEBUG] cheese - login => username:admin,password:123456
[2019-07-28T20:32:35.964] [DEBUG] cheese - admin
[2019-07-28T20:32:35.966] [DEBUG] cheese - null
[2019-07-28T20:32:35.966] [DEBUG] cheese - null
[2019-07-28T20:33:58.689] [DEBUG] cheese - login => username:admin,password:123456
[2019-07-28T20:33:58.689] [DEBUG] cheese - admin
[2019-07-28T20:33:58.730] [DEBUG] cheese - null
[2019-07-28T20:33:58.731] [DEBUG] cheese - null
[2019-07-28T20:39:02.154] [DEBUG] cheese - login => username:admin,password:123456
[2019-07-28T20:39:02.154] [DEBUG] cheese - admin
[2019-07-28T20:39:02.156] [DEBUG] cheese - null
[2019-07-28T20:39:02.156] [DEBUG] cheese - null
[2019-07-28T20:39:19.017] [DEBUG] cheese - login => username:admin,password:123456
[2019-07-28T20:39:19.017] [DEBUG] cheese - admin
[2019-07-28T20:39:19.020] [DEBUG] cheese - null
[2019-07-28T20:39:19.020] [DEBUG] cheese - null
[2019-07-28T20:42:58.778] [DEBUG] cheese - login => username:admin,password:123456
[2019-07-28T20:42:58.779] [DEBUG] cheese - admin
[2019-07-28T20:42:58.782] [DEBUG] cheese - null
[2019-07-28T20:42:58.782] [DEBUG] cheese - null
[2019-07-28T22:28:20.312] [DEBUG] cheese - login => username:admin,password:123456
[2019-07-28T22:28:20.318] [DEBUG] cheese - admin
[2019-07-28T22:28:20.519] [DEBUG] cheese - null
[2019-07-28T22:28:20.521] [DEBUG] cheese - null
[2019-07-30T09:06:44.921] [DEBUG] cheese - login => username:admin,password:123456
[2019-07-30T09:06:44.922] [DEBUG] cheese - admin
[2019-07-30T09:06:45.023] [DEBUG] cheese - null
[2019-07-30T09:06:45.024] [DEBUG] cheese - null
[2019-07-30T10:05:13.774] [DEBUG] cheese - login => username:admin,password:123456
[2019-07-30T10:05:13.774] [DEBUG] cheese - admin
[2019-07-30T10:05:13.782] [DEBUG] cheese - null
[2019-07-30T10:05:13.782] [DEBUG] cheese - null
[2019-07-30T11:17:41.947] [DEBUG] cheese - login => username:admin,password:123456
[2019-07-30T11:17:41.948] [DEBUG] cheese - admin
[2019-07-30T11:17:41.955] [DEBUG] cheese - null
[2019-07-30T11:17:41.955] [DEBUG] cheese - null
[2019-07-30T18:21:49.192] [DEBUG] cheese - login => username:admin,password:123456
[2019-07-30T18:21:49.193] [DEBUG] cheese - admin
[2019-07-30T18:21:49.374] [DEBUG] cheese - null
[2019-07-30T18:21:49.374] [DEBUG] cheese - null
[2019-07-30T18:22:26.170] [DEBUG] cheese - login => username:admin,password:123456
[2019-07-30T18:22:26.170] [DEBUG] cheese - admin
[2019-07-30T18:22:26.173] [DEBUG] cheese - null
[2019-07-30T18:22:26.173] [DEBUG] cheese - null
[2019-07-30T18:24:52.122] [DEBUG] cheese - login => username:admin,password:123456
[2019-07-30T18:24:52.122] [DEBUG] cheese - admin
[2019-07-30T18:24:52.125] [DEBUG] cheese - null
[2019-07-30T18:24:52.125] [DEBUG] cheese - null
[2019-07-30T19:10:40.818] [DEBUG] cheese - login => username:admin,password:123456
[2019-07-30T19:10:40.818] [DEBUG] cheese - admin
[2019-07-30T19:10:40.823] [DEBUG] cheese - null
[2019-07-30T19:10:40.823] [DEBUG] cheese - null
[2019-07-30T20:24:45.114] [DEBUG] cheese - login => username:admin,password:123456
[2019-07-30T20:24:45.115] [DEBUG] cheese - admin
[2019-07-30T20:24:45.125] [DEBUG] cheese - null
[2019-07-30T20:24:45.125] [DEBUG] cheese - null
[2019-07-31T09:08:28.844] [DEBUG] cheese - login => username:admin,password:123456
[2019-07-31T09:08:28.846] [DEBUG] cheese - admin
[2019-07-31T09:08:28.973] [DEBUG] cheese - null
[2019-07-31T09:08:28.973] [DEBUG] cheese - null
[2019-07-31T18:03:23.531] [DEBUG] cheese - login => username:admin,password:123456
[2019-07-31T18:03:23.533] [DEBUG] cheese - admin
[2019-07-31T18:03:23.545] [DEBUG] cheese - null
[2019-07-31T18:03:23.545] [DEBUG] cheese - null
[2019-07-31T18:33:51.608] [DEBUG] cheese - login => username:admin,password:123456
[2019-07-31T18:33:51.609] [DEBUG] cheese - admin
[2019-07-31T18:33:51.617] [DEBUG] cheese - null
[2019-07-31T18:33:51.617] [DEBUG] cheese - null
[2019-07-31T19:38:15.185] [DEBUG] cheese - login => username:admin,password:123456
[2019-07-31T19:38:15.186] [DEBUG] cheese - admin
[2019-07-31T19:38:15.190] [DEBUG] cheese - null
[2019-07-31T19:38:15.190] [DEBUG] cheese - null
[2019-08-02T09:21:51.993] [DEBUG] cheese - login => username:admin,password:123456
[2019-08-02T09:21:51.995] [DEBUG] cheese - admin
[2019-08-02T09:21:52.195] [DEBUG] cheese - null
[2019-08-02T09:21:52.195] [DEBUG] cheese - null
[2019-08-02T18:24:14.666] [DEBUG] cheese - login => username:admin,password:123456
[2019-08-02T18:24:14.668] [DEBUG] cheese - admin
[2019-08-02T18:24:14.753] [DEBUG] cheese - null
[2019-08-02T18:24:14.753] [DEBUG] cheese - null
[2019-08-02T19:44:14.348] [DEBUG] cheese - login => username:admin,password:123456
[2019-08-02T19:44:14.349] [DEBUG] cheese - admin
[2019-08-02T19:44:14.350] [DEBUG] cheese - null
[2019-08-02T19:44:14.350] [DEBUG] cheese - null
[2019-08-04T09:46:09.069] [DEBUG] cheese - login => username:admin,password:123456
[2019-08-04T09:46:09.071] [DEBUG] cheese - admin
[2019-08-04T09:46:09.226] [DEBUG] cheese - null
[2019-08-04T09:46:09.227] [DEBUG] cheese - null
[2019-08-04T16:53:26.168] [DEBUG] cheese - null
[2019-08-04T16:53:34.230] [DEBUG] cheese - null
[2019-08-04T16:53:55.748] [DEBUG] cheese - null
[2019-08-04T16:59:50.659] [DEBUG] cheese - null
[2019-08-04T16:59:53.318] [DEBUG] cheese - null
[2019-08-04T19:44:37.280] [DEBUG] cheese - login => username:admin,password:123456
[2019-08-04T19:44:37.280] [DEBUG] cheese - admin
[2019-08-04T19:44:37.283] [DEBUG] cheese - null
[2019-08-04T19:44:37.284] [DEBUG] cheese - null
[2019-08-05T08:36:32.701] [DEBUG] cheese - login => username:admin,password:123456
[2019-08-05T08:36:32.704] [DEBUG] cheese - admin
[2019-08-05T08:36:32.880] [DEBUG] cheese - null
[2019-08-05T08:36:32.880] [DEBUG] cheese - null
[2019-08-05T18:10:21.181] [DEBUG] cheese - null
[2019-08-05T18:23:14.106] [DEBUG] cheese - login => username:admin,password:123456
[2019-08-05T18:23:14.106] [DEBUG] cheese - admin
[2019-08-05T18:23:14.108] [DEBUG] cheese - null
[2019-08-05T18:23:14.109] [DEBUG] cheese - null
[2019-08-05T19:56:55.801] [DEBUG] cheese - login => username:admin,password:123456
[2019-08-05T19:56:55.803] [DEBUG] cheese - admin
[2019-08-05T19:56:55.987] [DEBUG] cheese - null
[2019-08-05T19:56:55.987] [DEBUG] cheese - null
[2019-08-05T19:57:10.364] [DEBUG] cheese - null
[2019-08-06T09:07:47.773] [DEBUG] cheese - login => username:admin,password:123456
[2019-08-06T09:07:47.776] [DEBUG] cheese - admin
[2019-08-06T09:07:47.802] [DEBUG] cheese - null
[2019-08-06T09:07:47.803] [DEBUG] cheese - null
[2019-08-06T19:25:33.278] [DEBUG] cheese - login => username:admin,password:123456
[2019-08-06T19:25:33.280] [DEBUG] cheese - admin
[2019-08-06T19:25:33.481] [DEBUG] cheese - null
[2019-08-06T19:25:33.482] [DEBUG] cheese - null
